Mono path[0] = 'C:/Program Files (x86)/Steam/steamapps/common/RimWorld/RimWorldWin64_Data/Managed'
Mono config path = 'C:/Program Files (x86)/Steam/steamapps/common/RimWorld/MonoBleedingEdge/etc'
[PhysX] Initialized MultithreadedTaskDispatcher with 32 workers.
Initialize engine version: 2022.3.35f1 (011206c7a712)
[Subsystems] Discovering subsystems at path C:/Program Files (x86)/Steam/steamapps/common/RimWorld/RimWorldWin64_Data/UnitySubsystems
GfxDevice: creating device client; threaded=1; jobified=0
Direct3D:
    Version:  Direct3D 11.0 [level 11.1]
    Renderer: NVIDIA GeForce RTX 3080 (ID=0x2206)
    Vendor:   NVIDIA
    VRAM:     10053 MB
    Driver:   32.0.15.8097
Begin MonoManager ReloadAssembly
- Loaded All Assemblies, in  0.095 seconds
- Finished resetting the current domain, in  0.001 seconds
<RI> Initializing input.
<RI> Input initialized.
<RI> Initialized touch support.
[PhysX] Initialized MultithreadedTaskDispatcher with 32 workers.
UnloadTime: 0.503500 ms
Command line arguments: -disable-compute-shaders
RimWorld 1.6.4543 rev1058
Fallback handler could not load library C:/Program Files (x86)/Steam/steamapps/common/RimWorld/RimWorldWin64_Data/MonoBleedingEdge/data-00000225986F40C0.dll
Fallback handler could not load library C:/Program Files (x86)/Steam/steamapps/common/RimWorld/RimWorldWin64_Data/MonoBleedingEdge/data-000002259B24ED10.dll
[RimHUD v1.17.5] Initialized
[HugsLib] version 12.0.0
[HugsLib] early-initializing AllowTool
Fallback handler could not load library C:/Program Files (x86)/Steam/steamapps/common/RimWorld/RimWorldWin64_Data/MonoBleedingEdge/data-00000225A1243FC0.dll
Loading Combat Extended 16.7.0.0 (66f5487329-dev):
Please report issues with CE to CE Team at https://github.com/CombatExtended-Continued/CombatExtended
CE: Loading Mod Part
Combat Extended :: initialized
DubsMintMenus v1.3.1086
Fallback handler could not load library C:/Program Files (x86)/Steam/steamapps/common/RimWorld/RimWorldWin64_Data/MonoBleedingEdge/data-00000225A4901010.dll
[Interaction Bubbles v4.1] Initialized
[MadSkills]: changed behavior of Great Memory trait.
startIndex: 63
endIndex: 75
Start: newobj System.Void System.Text.StringBuilder::.ctor()
End:callvirt virtual System.String System.Object::ToString() [Label14]
Start: call static System.String System.String::Concat(System.String str0, System.String str1) [Label15]
End:ldloc.0 NULL
Translation data for language English has 1 errors. Generate translation report for more info.
KCSG has Created 7187 symbolDefs for vanilla and DLCs
[VehicleFramework] version 1.6.2066
[SmashPhil.VehicleFramework] Applying compatibility patch for CETeam.CombatExtended. Active: Yes
[SmashPhil.VehicleFramework] Applying compatibility patch for m00nl1ght.GeologicalLandforms. Active: Yes
[SmashPhil.VehicleFramework] Applying compatibility patch for m00nl1ght.MapPreview. Active: Yes
[SmashPhil.VehicleFramework] Applying compatibility patch for Jaxe.RimHUD. Active: Yes
Fallback handler could not load library C:/Program Files (x86)/Steam/steamapps/common/RimWorld/RimWorldWin64_Data/MonoBleedingEdge/data-000002272E9D9010.dll
[CMColorCodedMoodBar] CMColorCodedMoodBar 1.6.4518.1 initialized
CE successfully patched 41 animals.
Animal Defs autopatched:BogHound
MonitorLizard
PrairieDog
Porcupine
Mastodon
Wolverine
Moose
AlphaThrumbo
Muskox
Mink
Gorilla
Badger
Panda
Hippo
Megavole
Armadillo
Alligator
Bullfrog
ColossusToad
LavaSnail
Sparrow
Crow
Bluebird
Quail
Macaw
Flamingo
Heron
Swan
Peacock
Vulture
Penguin
Walrus
SeaLion
Seal
HermitCrab
StoneCrab
SeaTurtle
Otter
Larva
HiveQueen
Locust
[TrueTerrainColors v1.12.22] Loaded cached true colors for 464 terrain defs from file.
PickUpAndHaul v1.1.2¼ welcomes you to RimWorld with pointless logspam.
[Geological Landforms v1.7.10] Found landform data in the following mods: Geological Landforms
[Geological Landforms v1.7.10] Loaded 44 landforms of which 0 are edited and 0 are custom.
[LunarFramework v1.1.16] Processed 8 Harmony patches in 817 ms.
Unloading 5 Unused Serialized files (Serialized files now loaded: 8)
MVCF successfully applied 57 patches
Unloading 605 unused Assets to reduce memory usage. Loaded Objects now: 56659.
Total: 256.870600 ms (FindLiveObjects: 2.008800 ms CreateObjectMapping: 0.957900 ms MarkObjects: 253.186000 ms  DeleteObjects: 0.717500 ms)

CameraPlus: Found mod at C:\Program Files (x86)\Steam\steamapps\workshop\content\294100\867467808
[AllowTool] Applied compatibility patch for "Pick Up And Haul"
Combat Extended :: Ammo injected
Combat Extended :: Bounds pre-generated
Combat Extended :: Checking Better Turrets
Combat Extended :: Checking Misc Turrets
Combat Extended :: Checking SRTS Expanded
Combat Extended :: Checking SOS2
Combat Extended :: Vanilla Psycasts Expanded loaded: True
Combat Extended :: Checking Multiplayer Compat
Combat Extended :: Checking Vehicle Framework
Combat Extended :: Installing Vehicle Framework
Unloading 3 Unused Serialized files (Serialized files now loaded: 9)
[PhysX] Initialized MultithreadedTaskDispatcher with 32 workers.
UnloadTime: 0.646900 ms
Unloading 2047 unused Assets to reduce memory usage. Loaded Objects now: 59991.
Total: 235.045300 ms (FindLiveObjects: 2.002300 ms CreateObjectMapping: 1.096600 ms MarkObjects: 230.720000 ms  DeleteObjects: 1.225900 ms)

Loading game from file Walean Uncontrolled Amalgamation (Permadeath) with mods:
  - brrainz.harmony
  - Ludeon.RimWorld
  - Ludeon.RimWorld.Royalty
  - Ludeon.RimWorld.Ideology
  - Ludeon.RimWorld.Biotech
  - Ludeon.RimWorld.Anomaly
  - vanillaexpanded.backgrounds
  - Ludeon.RimWorld.Odyssey
  - adaptive.storage.framework
  - OskarPotocki.VanillaFactionsExpanded.Core
  - VanillaExpanded.VCookE
  - VanillaExpanded.VBooksE
  - VanillaExpanded.VCookEStews
  - Tixiv.WhoShotMyLegOff
  - VanillaExpanded.VanillaBackstoriesExpanded
  - SmashPhil.VehicleFramework
  - OskarPotocki.VanillaVehiclesExpanded
  - OskarPotocki.VanillaVehiclesExpandedTier3
  - VanillaExpanded.VEE
  - OskarPotocki.VFE.Empire
  - OskarPotocki.VFE.Deserters
  - VanillaExpanded.VanillaTraitsExpanded
  - VanillaExpanded.VWE
  - VanillaExpanded.VTEXE
  - OskarPotocki.VFE.Pirates
  - Arylice.Rimworld.AutomaticStumpChopping
  - VanillaExpanded.VanillaSocialInteractionsExpanded
  - VanillaExpanded.VFECore
  - VanillaExpanded.VFEArt
  - VanillaExpanded.VFEProduction
  - FrozenSnowFox.FilthVanishesWithRainAndTime
  - VanillaExpanded.VFEFarming
  - Jaxe.RimHUD
  - vanillaexpanded.skills
  - VanillaExpanded.VFEMedical
  - VanillaExpanded.VGeneticsE
  - VanillaExpanded.Ideo.Dryads
  - VanillaExpanded.VHE
  - vanillaracesexpanded.sanguophage
  - vanillaracesexpanded.phytokin
  - VanillaExpanded.VFESpacer
  - VanillaExpanded.VIESAS
  - vanillaracesexpanded.highmate
  - VanillaExpanded.VNutrientE
  - vanillaracesexpanded.android
  - VanillaExpanded.VPsycastsE
  - VanillaExpanded.VPersonaWeaponsE
  - VanillaExpanded.Ideo.RelicsAndArtifacts
  - VanillaExpanded.VMemesE
  - VanillaExpanded.Ideo.IconsandSymbols
  - brrainz.achtung
  - VanillaExpanded.VARME
  - UnlimitedHugs.HugsLib
  - UnlimitedHugs.AllowTool
  - falconne.BWM
  - brrainz.cameraplus
  - CrashM.ColorCodedMoodBar.11
  - CETeam.CombatExtended
  - Dubwise.DubsBadHygiene
  - avilmask.CommonSense
  - Shashlichnik.DeepAndDeeper
  - dracoix.doormat.r12a
  - telardo.DragSelect
  - Dubwise.DubsMintMenus
  - dubwise.dubsmintminimap
  - Dubwise.Rimatomics
  - EdB.PrepareCarefully
  - Hawkwood.FloorsAreAlmostWorthless
  - m00nl1ght.GeologicalLandforms
  - Jaxe.Bubbles
  - ASF.DeepStorage
  - ratys.madskills
  - m00nl1ght.MapPreview
  - Haplo.Miscellaneous.Training
  - Mehni.PickUpAndHaul
  - Dubwise.Rimefeller
  - rimfridge.kv.rw
  - ratys.rtfuse
  - sarg.smartspeed
  - dhultgren.smarterconstruction
  - weilbyte.snapout
  - GT.Sam.TilledSoil
  - smashphil.dropspot
  - CarnySenpai.TraitRarityColors
  - VanillaExpanded.VAPPE
Faction The Shattered Empire has null relation with GravshipCrew. Returning dummy relation.
Faction The Shattered Empire has null relation with GravshipCrew. Returning dummy relation.
Faction The Shattered Empire has null relation with GravshipCrew. Returning dummy relation.
Faction The Shattered Empire has null relation with GravshipCrew. Returning dummy relation.
Faction The Shattered Empire has null relation with GravshipCrew. Returning dummy relation.
Faction The Shattered Empire has null relation with GravshipCrew. Returning dummy relation.
Faction The Shattered Empire has null relation with GravshipCrew. Returning dummy relation.
Faction The Shattered Empire has null relation with GravshipCrew. Returning dummy relation.
Faction The Shattered Empire has null relation with GravshipCrew. Returning dummy relation.
Faction The Shattered Empire has null relation with GravshipCrew. Returning dummy relation.
Faction The Shattered Empire has null relation with GravshipCrew. Returning dummy relation.
Faction The Shattered Empire has null relation with GravshipCrew. Returning dummy relation.
Faction The Shattered Empire has null relation with GravshipCrew. Returning dummy relation.
Faction The Shattered Empire has null relation with GravshipCrew. Returning dummy relation.
Faction The Shattered Empire has null relation with GravshipCrew. Returning dummy relation.
Faction The Shattered Empire has null relation with GravshipCrew. Returning dummy relation.
Faction The Shattered Empire has null relation with GravshipCrew. Returning dummy relation.
Faction The Shattered Empire has null relation with GravshipCrew. Returning dummy relation.
Faction The Shattered Empire has null relation with GravshipCrew. Returning dummy relation.
Faction The Shattered Empire has null relation with GravshipCrew. Returning dummy relation.
Faction The Shattered Empire has null relation with GravshipCrew. Returning dummy relation.
Faction The Shattered Empire has null relation with GravshipCrew. Returning dummy relation.
Faction The Shattered Empire has null relation with GravshipCrew. Returning dummy relation.
Faction The Shattered Empire has null relation with GravshipCrew. Returning dummy relation.
Faction The Shattered Empire has null relation with GravshipCrew. Returning dummy relation.
Faction The Shattered Empire has null relation with GravshipCrew. Returning dummy relation.
Faction The Shattered Empire has null relation with GravshipCrew. Returning dummy relation.
Faction The Shattered Empire has null relation with GravshipCrew. Returning dummy relation.
Faction The Shattered Empire has null relation with GravshipCrew. Returning dummy relation.
Faction The Shattered Empire has null relation with GravshipCrew. Returning dummy relation.
Faction The Shattered Empire has null relation with GravshipCrew. Returning dummy relation.
Faction The Shattered Empire has null relation with GravshipCrew. Returning dummy relation.
Faction The Shattered Empire has null relation with GravshipCrew. Returning dummy relation.
Faction The Shattered Empire has null relation with GravshipCrew. Returning dummy relation.
Faction The Shattered Empire has null relation with GravshipCrew. Returning dummy relation.
Faction The Shattered Empire has null relation with GravshipCrew. Returning dummy relation.
Faction The Shattered Empire has null relation with GravshipCrew. Returning dummy relation.
Faction The Shattered Empire has null relation with GravshipCrew. Returning dummy relation.
Faction The Shattered Empire has null relation with GravshipCrew. Returning dummy relation.
Faction The Shattered Empire has null relation with GravshipCrew. Returning dummy relation.
Faction The Shattered Empire has null relation with GravshipCrew. Returning dummy relation.
Faction The Shattered Empire has null relation with GravshipCrew. Returning dummy relation.
Faction The Shattered Empire has null relation with GravshipCrew. Returning dummy relation.
Faction The Shattered Empire has null relation with GravshipCrew. Returning dummy relation.
Faction The Shattered Empire has null relation with GravshipCrew. Returning dummy relation.
Faction The Shattered Empire has null relation with GravshipCrew. Returning dummy relation.
Faction The Shattered Empire has null relation with GravshipCrew. Returning dummy relation.
Error while generating pawn. Rethrowing. Exception: System.NullReferenceException: Object reference not set to an instance of an object
[Ref 6190E0A1]
  at RimWorld.Storyteller.Notify_PawnEvent (Verse.Pawn pawn, RimWorld.AdaptationEvent ev, System.Nullable`1[T] dinfo) [0x0002e] in <cb53cd4422904947932d33f561ad8d15>:0 
  at Verse.Pawn_HealthTracker.MakeDowned (System.Nullable`1[T] dinfo, Verse.Hediff hediff) [0x00424] in <cb53cd4422904947932d33f561ad8d15>:0 
    - PREFIX SmashPhil.VehicleFramework: Boolean Vehicles.Patch_HealthAndStats:VehiclesCantBeDowned(Pawn ___pawn)
    - PREFIX OskarPotocki.VanillaSocialInteractionsExpanded: Void VanillaSocialInteractionsExpanded.MakeDowned_Patch:Prefix(Pawn ___pawn, Nullable`1 dinfo, Hediff hediff)
    - POSTFIX VFEEmpire.Mod: Void VFEEmpire.HarmonyPatches.Patch_StateChange:Postfix(PawnHealthState ___healthState, Pawn ___pawn)
  at Verse.Pawn_HealthTracker.CheckForStateChange (System.Nullable`1[T] dinfo, Verse.Hediff hediff) [0x00486] in <cb53cd4422904947932d33f561ad8d15>:0 
    - TRANSPILER CombatExtended.HarmonyCE: IEnumerable`1 CombatExtended.HarmonyCE.Harmony_Pawn_HealthTracker_CheckForStateChange:Transpiler(IEnumerable`1 instructions, ILGenerator generator)
    - POSTFIX OskarPotocki.VEF: Void VEF.Apparels.Patch_Pawn_HealthTracker+VanillaExpandedFramework_Pawn_HealthTracker_CheckForStateChange_Patch:Postfix(Pawn_HealthTracker __instance, Pawn ___pawn)
  at Verse.Pawn_HealthTracker.AddHediff (Verse.Hediff hediff, Verse.BodyPartRecord part, System.Nullable`1[T] dinfo, Verse.DamageWorker+DamageResult result) [0x000fc] in <cb53cd4422904947932d33f561ad8d15>:0 
    - PREFIX VREAndroidsMod: Boolean VREAndroids.Pawn_HealthTracker_AddHediff_Patch:Prefix(Pawn_HealthTracker __instance, Pawn ___pawn, Hediff& hediff, BodyPartRecord part, Nullable`1 dinfo, DamageResult result)
    - PREFIX SmashPhil.VehicleFramework: Boolean Vehicles.Patch_HealthAndStats:VehiclesDontAddHediffs(Pawn ___pawn)
    - PREFIX OskarPotocki.VanillaPsycastsExpanded: Boolean VanillaPsycastsExpanded.Pawn_HealthTracker_AddHediff_Patch:Prefix(Pawn_HealthTracker __instance, Pawn ___pawn, Hediff hediff, BodyPartRecord part, Nullable`1 dinfo, DamageResult result)
    - POSTFIX legodude17.mvcf: Void MVCF.PatchSets.Trackers.PatchSet_Hediffs:AddHediff_Postfix(Hediff hediff, Pawn_HealthTracker __instance)
  at RimWorld.AgeInjuryUtility.GenerateRandomOldAgeInjuries (Verse.Pawn pawn, System.Boolean tryNotToKillPawn) [0x00354] in <cb53cd4422904947932d33f561ad8d15>:0 
    - PREFIX VREAndroidsMod: Boolean VREAndroids.AgeInjuryUtility_GenerateRandomOldAgeInjuries_Patch:Prefix(Pawn pawn)
  at Verse.PawnGenerator.GenerateInitialHediffs (Verse.Pawn pawn, Verse.PawnGenerationRequest request) [0x00033] in <cb53cd4422904947932d33f561ad8d15>:0 
  at Verse.PawnGenerator.TryGenerateNewPawnInternal (Verse.PawnGenerationRequest& request, System.String& error, System.Boolean ignoreScenarioRequirements, System.Boolean ignoreValidator) [0x009b2] in <cb53cd4422904947932d33f561ad8d15>:0 
    - TRANSPILER VFEEmpire.Mod: IEnumerable`1 VFEEmpire.HarmonyPatches.Patch_PawnGenerator:Transpiler(IEnumerable`1 instructions)
    - PREFIX VREAndroidsMod: Void VREAndroids.PawnGenerator_TryGenerateNewPawnInternal_Patch:Prefix(PawnGenerationRequest request)
    - POSTFIX VREAndroidsMod: Void VREAndroids.PawnGenerator_TryGenerateNewPawnInternal_Patch:Postfix(Pawn& __result)
  at Verse.PawnGenerator.GenerateNewPawnInternal (Verse.PawnGenerationRequest& request) [0x000a5] in <cb53cd4422904947932d33f561ad8d15>:0 
    - POSTFIX OskarPotocki.VEF: Void VEF.Abilities.VanillaExpandedFramework_PawnGenerator_GenerateNewPawnInternal_Patch:Postfix(Pawn __result)
    - POSTFIX OskarPotocki.VanillaPsycastsExpanded: Void VanillaPsycastsExpanded.PawnGen_Patch:Postfix(Pawn __result, PawnGenerationRequest request)
  at Verse.PawnGenerator.GenerateOrRedressPawnInternal (Verse.PawnGenerationRequest request) [0x00140] in <cb53cd4422904947932d33f561ad8d15>:0 
  at Verse.PawnGenerator.GeneratePawn (Verse.PawnGenerationRequest request) [0x0002e] in <cb53cd4422904947932d33f561ad8d15>:0 
    - PREFIX SmashPhil.VehicleFramework: Boolean Vehicles.Patch_Construction:GenerateVehiclePawn(PawnGenerationRequest request, Pawn& __result)
    - POSTFIX VFEPirates.Mod: Void VFEPirates.PawnGenerator_GeneratePawn_Patch:Postfix(Pawn __result)
System.NullReferenceException: Object reference not set to an instance of an object
[Ref F8E207C6]
  at RimWorld.Storyteller.Notify_PawnEvent (Verse.Pawn pawn, RimWorld.AdaptationEvent ev, System.Nullable`1[T] dinfo) [0x0002e] in <cb53cd4422904947932d33f561ad8d15>:0 
  at Verse.Pawn_HealthTracker.MakeDowned (System.Nullable`1[T] dinfo, Verse.Hediff hediff) [0x00424] in <cb53cd4422904947932d33f561ad8d15>:0 
    - PREFIX SmashPhil.VehicleFramework: Boolean Vehicles.Patch_HealthAndStats:VehiclesCantBeDowned(Pawn ___pawn)
    - PREFIX OskarPotocki.VanillaSocialInteractionsExpanded: Void VanillaSocialInteractionsExpanded.MakeDowned_Patch:Prefix(Pawn ___pawn, Nullable`1 dinfo, Hediff hediff)
    - POSTFIX VFEEmpire.Mod: Void VFEEmpire.HarmonyPatches.Patch_StateChange:Postfix(PawnHealthState ___healthState, Pawn ___pawn)
  at Verse.Pawn_HealthTracker.CheckForStateChange (System.Nullable`1[T] dinfo, Verse.Hediff hediff) [0x00486] in <cb53cd4422904947932d33f561ad8d15>:0 
    - TRANSPILER CombatExtended.HarmonyCE: IEnumerable`1 CombatExtended.HarmonyCE.Harmony_Pawn_HealthTracker_CheckForStateChange:Transpiler(IEnumerable`1 instructions, ILGenerator generator)
    - POSTFIX OskarPotocki.VEF: Void VEF.Apparels.Patch_Pawn_HealthTracker+VanillaExpandedFramework_Pawn_HealthTracker_CheckForStateChange_Patch:Postfix(Pawn_HealthTracker __instance, Pawn ___pawn)
  at Verse.Pawn_HealthTracker.AddHediff (Verse.Hediff hediff, Verse.BodyPartRecord part, System.Nullable`1[T] dinfo, Verse.DamageWorker+DamageResult result) [0x000fc] in <cb53cd4422904947932d33f561ad8d15>:0 
    - PREFIX VREAndroidsMod: Boolean VREAndroids.Pawn_HealthTracker_AddHediff_Patch:Prefix(Pawn_HealthTracker __instance, Pawn ___pawn, Hediff& hediff, BodyPartRecord part, Nullable`1 dinfo, DamageResult result)
    - PREFIX SmashPhil.VehicleFramework: Boolean Vehicles.Patch_HealthAndStats:VehiclesDontAddHediffs(Pawn ___pawn)
    - PREFIX OskarPotocki.VanillaPsycastsExpanded: Boolean VanillaPsycastsExpanded.Pawn_HealthTracker_AddHediff_Patch:Prefix(Pawn_HealthTracker __instance, Pawn ___pawn, Hediff hediff, BodyPartRecord part, Nullable`1 dinfo, DamageResult result)
    - POSTFIX legodude17.mvcf: Void MVCF.PatchSets.Trackers.PatchSet_Hediffs:AddHediff_Postfix(Hediff hediff, Pawn_HealthTracker __instance)
  at RimWorld.AgeInjuryUtility.GenerateRandomOldAgeInjuries (Verse.Pawn pawn, System.Boolean tryNotToKillPawn) [0x00354] in <cb53cd4422904947932d33f561ad8d15>:0 
    - PREFIX VREAndroidsMod: Boolean VREAndroids.AgeInjuryUtility_GenerateRandomOldAgeInjuries_Patch:Prefix(Pawn pawn)
  at Verse.PawnGenerator.GenerateInitialHediffs (Verse.Pawn pawn, Verse.PawnGenerationRequest request) [0x00033] in <cb53cd4422904947932d33f561ad8d15>:0 
  at Verse.PawnGenerator.TryGenerateNewPawnInternal (Verse.PawnGenerationRequest& request, System.String& error, System.Boolean ignoreScenarioRequirements, System.Boolean ignoreValidator) [0x009b2] in <cb53cd4422904947932d33f561ad8d15>:0 
    - TRANSPILER VFEEmpire.Mod: IEnumerable`1 VFEEmpire.HarmonyPatches.Patch_PawnGenerator:Transpiler(IEnumerable`1 instructions)
    - PREFIX VREAndroidsMod: Void VREAndroids.PawnGenerator_TryGenerateNewPawnInternal_Patch:Prefix(PawnGenerationRequest request)
    - POSTFIX VREAndroidsMod: Void VREAndroids.PawnGenerator_TryGenerateNewPawnInternal_Patch:Postfix(Pawn& __result)
  at Verse.PawnGenerator.GenerateNewPawnInternal (Verse.PawnGenerationRequest& request) [0x000a5] in <cb53cd4422904947932d33f561ad8d15>:0 
    - POSTFIX OskarPotocki.VEF: Void VEF.Abilities.VanillaExpandedFramework_PawnGenerator_GenerateNewPawnInternal_Patch:Postfix(Pawn __result)
    - POSTFIX OskarPotocki.VanillaPsycastsExpanded: Void VanillaPsycastsExpanded.PawnGen_Patch:Postfix(Pawn __result, PawnGenerationRequest request)
  at Verse.PawnGenerator.GenerateOrRedressPawnInternal (Verse.PawnGenerationRequest request) [0x00140] in <cb53cd4422904947932d33f561ad8d15>:0 
  at Verse.PawnGenerator.GeneratePawn (Verse.PawnGenerationRequest request) [0x001da] in <cb53cd4422904947932d33f561ad8d15>:0 
    - PREFIX SmashPhil.VehicleFramework: Boolean Vehicles.Patch_Construction:GenerateVehiclePawn(PawnGenerationRequest request, Pawn& __result)
    - POSTFIX VFEPirates.Mod: Void VFEPirates.PawnGenerator_GeneratePawn_Patch:Postfix(Pawn __result)
  at VFEEmpire.WorldComponent_Hierarchy.MakePawnFor (RimWorld.RoyalTitleDef title) [0x000a0] in <c133b8f4589c4968b33d2e9bad9115bc>:0 
  at VFEEmpire.WorldComponent_Hierarchy.InitializeTitles () [0x00023] in <c133b8f4589c4968b33d2e9bad9115bc>:0 
  at VFEEmpire.WorldComponent_Hierarchy.FinalizeInit (System.Boolean fromLoad) [0x00027] in <c133b8f4589c4968b33d2e9bad9115bc>:0 
  at RimWorld.Planet.WorldComponentUtility.FinalizeInit (RimWorld.Planet.World world, System.Boolean fromLoad) [0x00013] in <cb53cd4422904947932d33f561ad8d15>:0 
Could not load reference to Verse.ThingDef named Psytrainer_Painblock
Could not load reference to Verse.ThingDef named Psytrainer_Stun
Could not load reference to Verse.ThingDef named Psytrainer_Burden
Could not load reference to Verse.ThingDef named Psytrainer_BlindingPulse
Could not load reference to Verse.ThingDef named Psytrainer_EntropyDump
Could not load reference to Verse.ThingDef named Psytrainer_Beckon
Could not load reference to Verse.ThingDef named Psytrainer_VertigoPulse
Could not load reference to Verse.ThingDef named Psytrainer_ChaosSkip
Could not load reference to Verse.ThingDef named Psytrainer_Skip
Could not load reference to Verse.ThingDef named Psytrainer_Wallraise
Could not load reference to Verse.ThingDef named Psytrainer_Smokepop
Could not load reference to Verse.ThingDef named Psytrainer_Focus
Could not load reference to Verse.ThingDef named Psytrainer_Berserk
Could not load reference to Verse.ThingDef named Psytrainer_Invisibility
Could not load reference to Verse.ThingDef named Psytrainer_BerserkPulse
Could not load reference to Verse.ThingDef named Psytrainer_ManhunterPulse
Could not load reference to Verse.ThingDef named Psytrainer_MassChaosSkip
Could not load reference to Verse.ThingDef named Psytrainer_Waterskip
Could not load reference to Verse.ThingDef named Psytrainer_Flashstorm
Could not load reference to Verse.ThingDef named Psytrainer_BulletShield
Could not load reference to Verse.ThingDef named Psytrainer_SolarPinhole
Could not load reference to Verse.ThingDef named Psytrainer_WordOfTrust
Could not load reference to Verse.ThingDef named Psytrainer_WordOfJoy
Could not load reference to Verse.ThingDef named Psytrainer_WordOfLove
Could not load reference to Verse.ThingDef named Psytrainer_WordOfSerenity
Could not load reference to Verse.ThingDef named Psytrainer_WordOfInspiration
Could not load reference to Verse.ThingDef named Psytrainer_Farskip
Could not load reference to Verse.ThingDef named Psytrainer_Neuroquake
Could not load reference to Verse.ThingDef named Psytrainer_Chunkskip
Could not load reference to Verse.ThingDef named Gun_SmokeLauncher
Could not load reference to Verse.ThingDef named Gun_EmpLauncher
Could not load reference to Verse.ThingDef named Gun_ToxbombLauncher
Could not load reference to Verse.ThingDef named Flamebow
Could not load reference to Verse.ThingDef named Gun_NeedleLauncher
Could not load reference to Verse.ThingDef named Psytrainer_Painblock
Could not load reference to Verse.ThingDef named Psytrainer_Stun
Could not load reference to Verse.ThingDef named Psytrainer_Burden
Could not load reference to Verse.ThingDef named Psytrainer_BlindingPulse
Could not load reference to Verse.ThingDef named Psytrainer_EntropyDump
Could not load reference to Verse.ThingDef named Psytrainer_Beckon
Could not load reference to Verse.ThingDef named Psytrainer_VertigoPulse
Could not load reference to Verse.ThingDef named Psytrainer_ChaosSkip
Could not load reference to Verse.ThingDef named Psytrainer_Skip
Could not load reference to Verse.ThingDef named Psytrainer_Wallraise
Could not load reference to Verse.ThingDef named Psytrainer_Smokepop
Could not load reference to Verse.ThingDef named Psytrainer_Focus
Could not load reference to Verse.ThingDef named Psytrainer_Berserk
Could not load reference to Verse.ThingDef named Psytrainer_Invisibility
Could not load reference to Verse.ThingDef named Psytrainer_BerserkPulse
Could not load reference to Verse.ThingDef named Psytrainer_ManhunterPulse
Could not load reference to Verse.ThingDef named Psytrainer_MassChaosSkip
Could not load reference to Verse.ThingDef named Psytrainer_Waterskip
Could not load reference to Verse.ThingDef named Psytrainer_Flashstorm
Could not load reference to Verse.ThingDef named Psytrainer_BulletShield
Could not load reference to Verse.ThingDef named Psytrainer_SolarPinhole
Could not load reference to Verse.ThingDef named Psytrainer_WordOfTrust
Could not load reference to Verse.ThingDef named Psytrainer_WordOfJoy
Could not load reference to Verse.ThingDef named Psytrainer_WordOfLove
Could not load reference to Verse.ThingDef named Psytrainer_WordOfSerenity
Could not load reference to Verse.ThingDef named Psytrainer_WordOfInspiration
Could not load reference to Verse.ThingDef named Psytrainer_Farskip
Could not load reference to Verse.ThingDef named Psytrainer_Neuroquake
Could not load reference to Verse.ThingDef named Psytrainer_Chunkskip
Could not load reference to Verse.ThingDef named Gun_SmokeLauncher
Could not load reference to Verse.ThingDef named Gun_EmpLauncher
Could not load reference to Verse.ThingDef named Gun_ToxbombLauncher
Could not load reference to Verse.ThingDef named Flamebow
Could not load reference to Verse.ThingDef named Gun_NeedleLauncher
Could not load reference to Verse.ThingDef named Psytrainer_Painblock
Could not load reference to Verse.ThingDef named Psytrainer_Stun
Could not load reference to Verse.ThingDef named Psytrainer_Burden
Could not load reference to Verse.ThingDef named Psytrainer_BlindingPulse
Could not load reference to Verse.ThingDef named Psytrainer_EntropyDump
Could not load reference to Verse.ThingDef named Psytrainer_Beckon
Could not load reference to Verse.ThingDef named Psytrainer_VertigoPulse
Could not load reference to Verse.ThingDef named Psytrainer_ChaosSkip
Could not load reference to Verse.ThingDef named Psytrainer_Skip
Could not load reference to Verse.ThingDef named Psytrainer_Wallraise
Could not load reference to Verse.ThingDef named Psytrainer_Smokepop
Could not load reference to Verse.ThingDef named Psytrainer_Focus
Could not load reference to Verse.ThingDef named Psytrainer_Berserk
Could not load reference to Verse.ThingDef named Psytrainer_Invisibility
Could not load reference to Verse.ThingDef named Psytrainer_BerserkPulse
Could not load reference to Verse.ThingDef named Psytrainer_ManhunterPulse
Could not load reference to Verse.ThingDef named Psytrainer_MassChaosSkip
Could not load reference to Verse.ThingDef named Psytrainer_Waterskip
Could not load reference to Verse.ThingDef named Psytrainer_Flashstorm
Could not load reference to Verse.ThingDef named Psytrainer_BulletShield
Could not load reference to Verse.ThingDef named Psytrainer_SolarPinhole
Could not load reference to Verse.ThingDef named Psytrainer_WordOfTrust
Could not load reference to Verse.ThingDef named Psytrainer_WordOfJoy
Could not load reference to Verse.ThingDef named Psytrainer_WordOfLove
Could not load reference to Verse.ThingDef named Psytrainer_WordOfSerenity
Could not load reference to Verse.ThingDef named Psytrainer_WordOfInspiration
Could not load reference to Verse.ThingDef named Psytrainer_Farskip
Could not load reference to Verse.ThingDef named Psytrainer_Neuroquake
Could not load reference to Verse.ThingDef named Psytrainer_Chunkskip
Could not load reference to Verse.ThingDef named Gun_SmokeLauncher
Could not load reference to Verse.ThingDef named Gun_EmpLauncher
Could not load reference to Verse.ThingDef named Gun_ToxbombLauncher
Could not load reference to Verse.ThingDef named Flamebow
Could not load reference to Verse.ThingDef named Gun_NeedleLauncher
Could not load reference to Verse.ThingDef named Psytrainer_Painblock
Could not load reference to Verse.ThingDef named Psytrainer_Stun
Could not load reference to Verse.ThingDef named Psytrainer_Burden
Could not load reference to Verse.ThingDef named Psytrainer_BlindingPulse
Could not load reference to Verse.ThingDef named Psytrainer_EntropyDump
Could not load reference to Verse.ThingDef named Psytrainer_Beckon
Could not load reference to Verse.ThingDef named Psytrainer_VertigoPulse
Could not load reference to Verse.ThingDef named Psytrainer_ChaosSkip
Could not load reference to Verse.ThingDef named Psytrainer_Skip
Could not load reference to Verse.ThingDef named Psytrainer_Wallraise
Could not load reference to Verse.ThingDef named Psytrainer_Smokepop
Could not load reference to Verse.ThingDef named Psytrainer_Focus
Could not load reference to Verse.ThingDef named Psytrainer_Berserk
Could not load reference to Verse.ThingDef named Psytrainer_Invisibility
Could not load reference to Verse.ThingDef named Psytrainer_BerserkPulse
Could not load reference to Verse.ThingDef named Psytrainer_ManhunterPulse
Could not load reference to Verse.ThingDef named Psytrainer_MassChaosSkip
Could not load reference to Verse.ThingDef named Psytrainer_Waterskip
Could not load reference to Verse.ThingDef named Psytrainer_Flashstorm
Could not load reference to Verse.ThingDef named Psytrainer_BulletShield
Could not load reference to Verse.ThingDef named Psytrainer_SolarPinhole
Could not load reference to Verse.ThingDef named Psytrainer_WordOfTrust
Could not load reference to Verse.ThingDef named Psytrainer_WordOfJoy
Could not load reference to Verse.ThingDef named Psytrainer_WordOfLove
Could not load reference to Verse.ThingDef named Psytrainer_WordOfSerenity
Could not load reference to Verse.ThingDef named Psytrainer_WordOfInspiration
Could not load reference to Verse.ThingDef named Psytrainer_Farskip
Could not load reference to Verse.ThingDef named Psytrainer_Neuroquake
Could not load reference to Verse.ThingDef named Psytrainer_Chunkskip
Could not load reference to Verse.ThingDef named Gun_SmokeLauncher
Could not load reference to Verse.ThingDef named Gun_EmpLauncher
Could not load reference to Verse.ThingDef named Gun_ToxbombLauncher
Could not load reference to Verse.ThingDef named Flamebow
Could not load reference to Verse.ThingDef named Gun_NeedleLauncher
Could not load reference to Verse.ThingDef named Psytrainer_Painblock
Could not load reference to Verse.ThingDef named Psytrainer_Stun
Could not load reference to Verse.ThingDef named Psytrainer_Burden
Could not load reference to Verse.ThingDef named Psytrainer_BlindingPulse
Could not load reference to Verse.ThingDef named Psytrainer_EntropyDump
Could not load reference to Verse.ThingDef named Psytrainer_Beckon
Could not load reference to Verse.ThingDef named Psytrainer_VertigoPulse
Could not load reference to Verse.ThingDef named Psytrainer_ChaosSkip
Could not load reference to Verse.ThingDef named Psytrainer_Skip
Could not load reference to Verse.ThingDef named Psytrainer_Wallraise
Could not load reference to Verse.ThingDef named Psytrainer_Smokepop
Could not load reference to Verse.ThingDef named Psytrainer_Focus
Could not load reference to Verse.ThingDef named Psytrainer_Berserk
Could not load reference to Verse.ThingDef named Psytrainer_Invisibility
Could not load reference to Verse.ThingDef named Psytrainer_BerserkPulse
Could not load reference to Verse.ThingDef named Psytrainer_ManhunterPulse
Could not load reference to Verse.ThingDef named Psytrainer_MassChaosSkip
Could not load reference to Verse.ThingDef named Psytrainer_Waterskip
Could not load reference to Verse.ThingDef named Psytrainer_Flashstorm
Could not load reference to Verse.ThingDef named Psytrainer_BulletShield
Could not load reference to Verse.ThingDef named Psytrainer_SolarPinhole
Could not load reference to Verse.ThingDef named Psytrainer_WordOfTrust
Could not load reference to Verse.ThingDef named Psytrainer_WordOfJoy
Could not load reference to Verse.ThingDef named Psytrainer_WordOfLove
Could not load reference to Verse.ThingDef named Psytrainer_WordOfSerenity
Could not load reference to Verse.ThingDef named Psytrainer_WordOfInspiration
Could not load reference to Verse.ThingDef named Psytrainer_Farskip
Could not load reference to Verse.ThingDef named Psytrainer_Neuroquake
Could not load reference to Verse.ThingDef named Psytrainer_Chunkskip
Could not load reference to Verse.ThingDef named Gun_SmokeLauncher
Could not load reference to Verse.ThingDef named Gun_EmpLauncher
Could not load reference to Verse.ThingDef named Gun_ToxbombLauncher
Could not load reference to Verse.ThingDef named Flamebow
Could not load reference to Verse.ThingDef named Gun_NeedleLauncher
Could not load reference to Verse.ThingDef named Psytrainer_Painblock
Could not load reference to Verse.ThingDef named Psytrainer_Stun
Could not load reference to Verse.ThingDef named Psytrainer_Burden
Could not load reference to Verse.ThingDef named Psytrainer_BlindingPulse
Could not load reference to Verse.ThingDef named Psytrainer_EntropyDump
Could not load reference to Verse.ThingDef named Psytrainer_Beckon
Could not load reference to Verse.ThingDef named Psytrainer_VertigoPulse
Could not load reference to Verse.ThingDef named Psytrainer_ChaosSkip
Could not load reference to Verse.ThingDef named Psytrainer_Skip
Could not load reference to Verse.ThingDef named Psytrainer_Wallraise
Could not load reference to Verse.ThingDef named Psytrainer_Smokepop
Could not load reference to Verse.ThingDef named Psytrainer_Focus
Could not load reference to Verse.ThingDef named Psytrainer_Berserk
Could not load reference to Verse.ThingDef named Psytrainer_Invisibility
Could not load reference to Verse.ThingDef named Psytrainer_BerserkPulse
Could not load reference to Verse.ThingDef named Psytrainer_ManhunterPulse
Could not load reference to Verse.ThingDef named Psytrainer_MassChaosSkip
Could not load reference to Verse.ThingDef named Psytrainer_Waterskip
Could not load reference to Verse.ThingDef named Psytrainer_Flashstorm
Could not load reference to Verse.ThingDef named Psytrainer_BulletShield
Could not load reference to Verse.ThingDef named Psytrainer_SolarPinhole
Could not load reference to Verse.ThingDef named Psytrainer_WordOfTrust
Could not load reference to Verse.ThingDef named Psytrainer_WordOfJoy
Could not load reference to Verse.ThingDef named Psytrainer_WordOfLove
Could not load reference to Verse.ThingDef named Psytrainer_WordOfSerenity
Could not load reference to Verse.ThingDef named Psytrainer_WordOfInspiration
Could not load reference to Verse.ThingDef named Psytrainer_Farskip
Could not load reference to Verse.ThingDef named Psytrainer_Neuroquake
Could not load reference to Verse.ThingDef named Psytrainer_Chunkskip
Could not load reference to Verse.ThingDef named Gun_SmokeLauncher
Could not load reference to Verse.ThingDef named Gun_EmpLauncher
Could not load reference to Verse.ThingDef named Gun_ToxbombLauncher
Could not load reference to Verse.ThingDef named Flamebow
Could not load reference to Verse.ThingDef named Gun_NeedleLauncher
Could not load reference to Verse.ThingDef named Psytrainer_Painblock
Could not load reference to Verse.ThingDef named Psytrainer_Stun
Could not load reference to Verse.ThingDef named Psytrainer_Burden
Could not load reference to Verse.ThingDef named Psytrainer_BlindingPulse
Could not load reference to Verse.ThingDef named Psytrainer_EntropyDump
Could not load reference to Verse.ThingDef named Psytrainer_Beckon
Could not load reference to Verse.ThingDef named Psytrainer_VertigoPulse
Could not load reference to Verse.ThingDef named Psytrainer_ChaosSkip
Could not load reference to Verse.ThingDef named Psytrainer_Skip
Could not load reference to Verse.ThingDef named Psytrainer_Wallraise
Could not load reference to Verse.ThingDef named Psytrainer_Smokepop
Could not load reference to Verse.ThingDef named Psytrainer_Focus
Could not load reference to Verse.ThingDef named Psytrainer_Berserk
Could not load reference to Verse.ThingDef named Psytrainer_Invisibility
Could not load reference to Verse.ThingDef named Psytrainer_BerserkPulse
Could not load reference to Verse.ThingDef named Psytrainer_ManhunterPulse
Could not load reference to Verse.ThingDef named Psytrainer_MassChaosSkip
Could not load reference to Verse.ThingDef named Psytrainer_Waterskip
Could not load reference to Verse.ThingDef named Psytrainer_Flashstorm
Could not load reference to Verse.ThingDef named Psytrainer_BulletShield
Could not load reference to Verse.ThingDef named Psytrainer_SolarPinhole
Could not load reference to Verse.ThingDef named Psytrainer_WordOfTrust
Could not load reference to Verse.ThingDef named Psytrainer_WordOfJoy
Could not load reference to Verse.ThingDef named Psytrainer_WordOfLove
Could not load reference to Verse.ThingDef named Psytrainer_WordOfSerenity
Could not load reference to Verse.ThingDef named Psytrainer_WordOfInspiration
Could not load reference to Verse.ThingDef named Psytrainer_Farskip
Could not load reference to Verse.ThingDef named Psytrainer_Neuroquake
Could not load reference to Verse.ThingDef named Psytrainer_Chunkskip
Could not load reference to Verse.ThingDef named Gun_SmokeLauncher
Could not load reference to Verse.ThingDef named Gun_EmpLauncher
Could not load reference to Verse.ThingDef named Gun_ToxbombLauncher
Could not load reference to Verse.ThingDef named Flamebow
Could not load reference to Verse.ThingDef named Gun_NeedleLauncher
Replaced verb CombatExtended.Verb_ShootCE/CompEquippable_Gun_Revolver427_0; may have been changed through a version update or a mod change
Replaced verb CombatExtended.Verb_MeleeAttackCE/CompEquippable_Gun_Revolver427_0_Smash; may have been changed through a version update or a mod change
Replaced verb CombatExtended.Verb_MeleeAttackCE/CompEquippable_Gun_Revolver427_1_Poke; may have been changed through a version update or a mod change
Replaced verb CombatExtended.Verb_ShootCE/CompEquippable_Gun_Autopistol435_0; may have been changed through a version update or a mod change
Replaced verb CombatExtended.Verb_MeleeAttackCE/CompEquippable_Gun_Autopistol435_0_Smash; may have been changed through a version update or a mod change
Replaced verb CombatExtended.Verb_MeleeAttackCE/CompEquippable_Gun_Autopistol435_1_Poke; may have been changed through a version update or a mod change
Replaced verb CombatExtended.Verb_ShootCE/CompEquippable_Bow_Great440_0; may have been changed through a version update or a mod change
Replaced verb CombatExtended.Verb_MeleeAttackCE/CompEquippable_Bow_Great440_0_Smash; may have been changed through a version update or a mod change
Replaced verb CombatExtended.Verb_ShootCE/CompEquippable_Bow_Great446_0; may have been changed through a version update or a mod change
Replaced verb CombatExtended.Verb_MeleeAttackCE/CompEquippable_Bow_Great446_0_Smash; may have been changed through a version update or a mod change
Replaced verb CombatExtended.Verb_MeleeAttackCE/CompEquippable_MeleeWeapon_Spear452_0_Smash; may have been changed through a version update or a mod change
Replaced verb CombatExtended.Verb_MeleeAttackCE/CompEquippable_MeleeWeapon_Spear452_1_Poke; may have been changed through a version update or a mod change
Replaced verb CombatExtended.Verb_MeleeAttackCE/CompEquippable_MeleeWeapon_Spear452_2_Stab; may have been changed through a version update or a mod change
Replaced verb CombatExtended.Verb_ShootCE/CompEquippable_Gun_HeavySMG461_0; may have been changed through a version update or a mod change
Replaced verb CombatExtended.Verb_MeleeAttackCE/CompEquippable_Gun_HeavySMG461_0_Smash; may have been changed through a version update or a mod change
Replaced verb CombatExtended.Verb_MeleeAttackCE/CompEquippable_Gun_HeavySMG461_1_Smash; may have been changed through a version update or a mod change
Replaced verb CombatExtended.Verb_MeleeAttackCE/CompEquippable_Gun_HeavySMG461_2_Poke; may have been changed through a version update or a mod change
Replaced verb CombatExtended.Verb_ShootCE/CompEquippable_Gun_LMG471_0; may have been changed through a version update or a mod change
Replaced verb CombatExtended.Verb_MeleeAttackCE/CompEquippable_Gun_LMG471_0_Smash; may have been changed through a version update or a mod change
Replaced verb CombatExtended.Verb_MeleeAttackCE/CompEquippable_Gun_LMG471_1_Smash; may have been changed through a version update or a mod change
Replaced verb CombatExtended.Verb_MeleeAttackCE/CompEquippable_Gun_LMG471_2_Poke; may have been changed through a version update or a mod change
Replaced verb CombatExtended.Verb_MeleeAttackCE/CompEquippable_MeleeWeapon_Zeushammer478_0_Poke; may have been changed through a version update or a mod change
Replaced verb CombatExtended.Verb_MeleeAttackCE/CompEquippable_MeleeWeapon_Zeushammer478_1_Smash; may have been changed through a version update or a mod change
Replaced verb CombatExtended.Verb_ShootCE/CompEquippable_Gun_HeavySMG485_0; may have been changed through a version update or a mod change
Replaced verb CombatExtended.Verb_MeleeAttackCE/CompEquippable_Gun_HeavySMG485_0_Smash; may have been changed through a version update or a mod change
Replaced verb CombatExtended.Verb_MeleeAttackCE/CompEquippable_Gun_HeavySMG485_1_Smash; may have been changed through a version update or a mod change
Replaced verb CombatExtended.Verb_MeleeAttackCE/CompEquippable_Gun_HeavySMG485_2_Poke; may have been changed through a version update or a mod change
Replaced verb CombatExtended.Verb_ShootCE/CompEquippable_Gun_HeavySMG493_0; may have been changed through a version update or a mod change
Replaced verb CombatExtended.Verb_MeleeAttackCE/CompEquippable_Gun_HeavySMG493_0_Smash; may have been changed through a version update or a mod change
Replaced verb CombatExtended.Verb_MeleeAttackCE/CompEquippable_Gun_HeavySMG493_1_Smash; may have been changed through a version update or a mod change
Replaced verb CombatExtended.Verb_MeleeAttackCE/CompEquippable_Gun_HeavySMG493_2_Poke; may have been changed through a version update or a mod change
A hidden ritual precept was missing, adding: Bestow honor
A hidden ritual precept was missing, adding: Bestow title
A hidden ritual precept was missing, adding: Royal address
Apparel_FlakVest423 is made from stuff but has no stuff set. Setting default stuff.
Apparel_FlakPants432 is made from stuff but has no stuff set. Setting default stuff.
Apparel_FlakVest433 is made from stuff but has no stuff set. Setting default stuff.
Apparel_FlakJacket431 is made from stuff but has no stuff set. Setting default stuff.
Apparel_FlakVest467 is made from stuff but has no stuff set. Setting default stuff.
Apparel_FlakJacket466 is made from stuff but has no stuff set. Setting default stuff.
Could not find think node with key 1995237484
Could not find think node with key -1672709817
Could not find think node with key -1672709817
ShallowReservoirSeed == 0 Regenerating seeds
[VPE] Added to existing save, adding PsyLinks.
Unloading 2 Unused Serialized files (Serialized files now loaded: 9)
Unloading 0 unused Assets to reduce memory usage. Loaded Objects now: 65568.
Total: 291.868600 ms (FindLiveObjects: 1.969800 ms CreateObjectMapping: 1.134100 ms MarkObjects: 288.669100 ms  DeleteObjects: 0.095500 ms)

[AllowTool] Adjusted work type priority of FinishingOff for pawns:
Byte:0->3, Red:0->3, Severin:0->3
Unloading 3 Unused Serialized files (Serialized files now loaded: 9)
[PhysX] Initialized MultithreadedTaskDispatcher with 32 workers.
UnloadTime: 0.304900 ms
Unloading 5403 unused Assets to reduce memory usage. Loaded Objects now: 63273.
Total: 255.566800 ms (FindLiveObjects: 2.198500 ms CreateObjectMapping: 1.360100 ms MarkObjects: 249.156100 ms  DeleteObjects: 2.851800 ms)

Unloading 2 Unused Serialized files (Serialized files now loaded: 9)
[PhysX] Initialized MultithreadedTaskDispatcher with 32 workers.
UnloadTime: 0.249300 ms
Unloading 7 unused Assets to reduce memory usage. Loaded Objects now: 63185.
Total: 228.476300 ms (FindLiveObjects: 2.318700 ms CreateObjectMapping: 1.316900 ms MarkObjects: 224.722000 ms  DeleteObjects: 0.118400 ms)

Loading game from file Colia (Permadeath) with mods:
  - brrainz.harmony
  - Ludeon.RimWorld
  - Ludeon.RimWorld.Royalty
  - Ludeon.RimWorld.Ideology
  - Ludeon.RimWorld.Biotech
  - Ludeon.RimWorld.Anomaly
  - vanillaexpanded.backgrounds
  - Ludeon.RimWorld.Odyssey
  - adaptive.storage.framework
  - OskarPotocki.VanillaFactionsExpanded.Core
  - VanillaExpanded.VCookE
  - VanillaExpanded.VBooksE
  - VanillaExpanded.VCookEStews
  - Tixiv.WhoShotMyLegOff
  - VanillaExpanded.VanillaBackstoriesExpanded
  - SmashPhil.VehicleFramework
  - OskarPotocki.VanillaVehiclesExpanded
  - OskarPotocki.VanillaVehiclesExpandedTier3
  - VanillaExpanded.VEE
  - OskarPotocki.VFE.Empire
  - OskarPotocki.VFE.Deserters
  - VanillaExpanded.VanillaTraitsExpanded
  - VanillaExpanded.VWE
  - VanillaExpanded.VTEXE
  - OskarPotocki.VFE.Pirates
  - Arylice.Rimworld.AutomaticStumpChopping
  - VanillaExpanded.VanillaSocialInteractionsExpanded
  - VanillaExpanded.VFECore
  - VanillaExpanded.VFEArt
  - VanillaExpanded.VFEProduction
  - FrozenSnowFox.FilthVanishesWithRainAndTime
  - VanillaExpanded.VFEFarming
  - Jaxe.RimHUD
  - vanillaexpanded.skills
  - VanillaExpanded.VFEMedical
  - VanillaExpanded.VGeneticsE
  - VanillaExpanded.Ideo.Dryads
  - VanillaExpanded.VHE
  - vanillaracesexpanded.sanguophage
  - vanillaracesexpanded.phytokin
  - VanillaExpanded.VFESpacer
  - VanillaExpanded.VIESAS
  - vanillaracesexpanded.highmate
  - VanillaExpanded.VNutrientE
  - vanillaracesexpanded.android
  - VanillaExpanded.VPsycastsE
  - VanillaExpanded.VPersonaWeaponsE
  - VanillaExpanded.Ideo.RelicsAndArtifacts
  - VanillaExpanded.VMemesE
  - VanillaExpanded.Ideo.IconsandSymbols
  - brrainz.achtung
  - VanillaExpanded.VARME
  - UnlimitedHugs.HugsLib
  - UnlimitedHugs.AllowTool
  - falconne.BWM
  - brrainz.cameraplus
  - CrashM.ColorCodedMoodBar.11
  - CETeam.CombatExtended
  - Dubwise.DubsBadHygiene
  - avilmask.CommonSense
  - Shashlichnik.DeepAndDeeper
  - dracoix.doormat.r12a
  - telardo.DragSelect
  - Dubwise.DubsMintMenus
  - dubwise.dubsmintminimap
  - Dubwise.Rimatomics
  - EdB.PrepareCarefully
  - Hawkwood.FloorsAreAlmostWorthless
  - m00nl1ght.GeologicalLandforms
  - Jaxe.Bubbles
  - ASF.DeepStorage
  - ratys.madskills
  - m00nl1ght.MapPreview
  - Haplo.Miscellaneous.Training
  - Mehni.PickUpAndHaul
  - Dubwise.Rimefeller
  - rimfridge.kv.rw
  - ratys.rtfuse
  - sarg.smartspeed
  - dhultgren.smarterconstruction
  - weilbyte.snapout
  - GT.Sam.TilledSoil
  - smashphil.dropspot
  - CarnySenpai.TraitRarityColors
  - VanillaExpanded.VAPPE
Exception while init loading file: C:/Users/owner/AppData/LocalLow/Ludeon Studios/RimWorld by Ludeon Studios\Saves\Colia (Permadeath).rws
System.Xml.XmlException: Unexpected end of file has occurred. The following elements are not closed: title, li, permits, royalty, li, pawnsMothballed, worldPawns, world, game, savegame. Line 372532, position 24.
[Ref FE232A76]
  at System.Xml.XmlTextReaderImpl.Throw (System.Exception e) [0x00027] in <506b716a330a4f09bc4a846352df3f09>:0 
  at System.Xml.XmlTextReaderImpl.Throw (System.String res, System.String arg) [0x00029] in <506b716a330a4f09bc4a846352df3f09>:0 
  at System.Xml.XmlTextReaderImpl.Throw (System.Int32 pos, System.String res, System.String arg) [0x0000c] in <506b716a330a4f09bc4a846352df3f09>:0 
  at System.Xml.XmlTextReaderImpl.ThrowUnclosedElements () [0x000cc] in <506b716a330a4f09bc4a846352df3f09>:0 
  at System.Xml.XmlTextReaderImpl.ParseElementContent () [0x001eb] in <506b716a330a4f09bc4a846352df3f09>:0 
  at System.Xml.XmlTextReaderImpl.Read () [0x00085] in <506b716a330a4f09bc4a846352df3f09>:0 
  at System.Xml.XmlLoader.LoadNode (System.Boolean skipOverWhitespace) [0x0025b] in <506b716a330a4f09bc4a846352df3f09>:0 
  at System.Xml.XmlLoader.LoadDocSequence (System.Xml.XmlDocument parentDoc) [0x0001b] in <506b716a330a4f09bc4a846352df3f09>:0 
  at System.Xml.XmlLoader.Load (System.Xml.XmlDocument doc, System.Xml.XmlReader reader, System.Boolean preserveWhitespace) [0x000b4] in <506b716a330a4f09bc4a846352df3f09>:0 
  at System.Xml.XmlDocument.Load (System.Xml.XmlReader reader) [0x0002e] in <506b716a330a4f09bc4a846352df3f09>:0 
  at Verse.ScribeLoader.InitLoading (System.String filePath) [0x00072] in <cb53cd4422904947932d33f561ad8d15>:0 
Exception from asynchronous event: System.Xml.XmlException: Unexpected end of file has occurred. The following elements are not closed: title, li, permits, royalty, li, pawnsMothballed, worldPawns, world, game, savegame. Line 372532, position 24.
[Ref B05750F3]
  at System.Xml.XmlTextReaderImpl.Throw (System.Exception e) [0x00027] in <506b716a330a4f09bc4a846352df3f09>:0 
  at System.Xml.XmlTextReaderImpl.Throw (System.String res, System.String arg) [0x00029] in <506b716a330a4f09bc4a846352df3f09>:0 
  at System.Xml.XmlTextReaderImpl.Throw (System.Int32 pos, System.String res, System.String arg) [0x0000c] in <506b716a330a4f09bc4a846352df3f09>:0 
  at System.Xml.XmlTextReaderImpl.ThrowUnclosedElements () [0x000cc] in <506b716a330a4f09bc4a846352df3f09>:0 
  at System.Xml.XmlTextReaderImpl.ParseElementContent () [0x001eb] in <506b716a330a4f09bc4a846352df3f09>:0 
  at System.Xml.XmlTextReaderImpl.Read () [0x00085] in <506b716a330a4f09bc4a846352df3f09>:0 
  at System.Xml.XmlLoader.LoadNode (System.Boolean skipOverWhitespace) [0x0025b] in <506b716a330a4f09bc4a846352df3f09>:0 
  at System.Xml.XmlLoader.LoadDocSequence (System.Xml.XmlDocument parentDoc) [0x0001b] in <506b716a330a4f09bc4a846352df3f09>:0 
  at System.Xml.XmlLoader.Load (System.Xml.XmlDocument doc, System.Xml.XmlReader reader, System.Boolean preserveWhitespace) [0x000b4] in <506b716a330a4f09bc4a846352df3f09>:0 
  at System.Xml.XmlDocument.Load (System.Xml.XmlReader reader) [0x0002e] in <506b716a330a4f09bc4a846352df3f09>:0 
  at Verse.ScribeLoader.InitLoading (System.String filePath) [0x000ce] in <cb53cd4422904947932d33f561ad8d15>:0 
  at Verse.SavedGameLoaderNow.LoadGameFromSaveFileNow (System.String fileName) [0x0007a] in <cb53cd4422904947932d33f561ad8d15>:0 
  at Verse.Root_Play+<>c.<Start>b__1_1 () [0x00005] in <cb53cd4422904947932d33f561ad8d15>:0 
  at Verse.LongEventHandler.RunEventFromAnotherThread (System.Action action) [0x00008] in <cb53cd4422904947932d33f561ad8d15>:0 
Unloading 2 Unused Serialized files (Serialized files now loaded: 9)
[PhysX] Initialized MultithreadedTaskDispatcher with 32 workers.
UnloadTime: 0.285700 ms
Unloading 2 unused Assets to reduce memory usage. Loaded Objects now: 63168.
Total: 251.718000 ms (FindLiveObjects: 2.060100 ms CreateObjectMapping: 1.184800 ms MarkObjects: 248.366600 ms  DeleteObjects: 0.106300 ms)

Unloading 3 Unused Serialized files (Serialized files now loaded: 9)
[PhysX] Initialized MultithreadedTaskDispatcher with 32 workers.
UnloadTime: 0.409300 ms
Unloading 7 unused Assets to reduce memory usage. Loaded Objects now: 63191.
Total: 236.111000 ms (FindLiveObjects: 5.848600 ms CreateObjectMapping: 1.345800 ms MarkObjects: 228.790800 ms  DeleteObjects: 0.125400 ms)

Loading game from file Colia (Permadeath) with mods:
  - brrainz.harmony
  - Ludeon.RimWorld
  - Ludeon.RimWorld.Royalty
  - Ludeon.RimWorld.Ideology
  - Ludeon.RimWorld.Biotech
  - Ludeon.RimWorld.Anomaly
  - vanillaexpanded.backgrounds
  - Ludeon.RimWorld.Odyssey
  - adaptive.storage.framework
  - OskarPotocki.VanillaFactionsExpanded.Core
  - VanillaExpanded.VCookE
  - VanillaExpanded.VBooksE
  - VanillaExpanded.VCookEStews
  - Tixiv.WhoShotMyLegOff
  - VanillaExpanded.VanillaBackstoriesExpanded
  - SmashPhil.VehicleFramework
  - OskarPotocki.VanillaVehiclesExpanded
  - OskarPotocki.VanillaVehiclesExpandedTier3
  - VanillaExpanded.VEE
  - OskarPotocki.VFE.Empire
  - OskarPotocki.VFE.Deserters
  - VanillaExpanded.VanillaTraitsExpanded
  - VanillaExpanded.VWE
  - VanillaExpanded.VTEXE
  - OskarPotocki.VFE.Pirates
  - Arylice.Rimworld.AutomaticStumpChopping
  - VanillaExpanded.VanillaSocialInteractionsExpanded
  - VanillaExpanded.VFECore
  - VanillaExpanded.VFEArt
  - VanillaExpanded.VFEProduction
  - FrozenSnowFox.FilthVanishesWithRainAndTime
  - VanillaExpanded.VFEFarming
  - Jaxe.RimHUD
  - vanillaexpanded.skills
  - VanillaExpanded.VFEMedical
  - VanillaExpanded.VGeneticsE
  - VanillaExpanded.Ideo.Dryads
  - VanillaExpanded.VHE
  - vanillaracesexpanded.sanguophage
  - vanillaracesexpanded.phytokin
  - VanillaExpanded.VFESpacer
  - VanillaExpanded.VIESAS
  - vanillaracesexpanded.highmate
  - VanillaExpanded.VNutrientE
  - vanillaracesexpanded.android
  - VanillaExpanded.VPsycastsE
  - VanillaExpanded.VPersonaWeaponsE
  - VanillaExpanded.Ideo.RelicsAndArtifacts
  - VanillaExpanded.VMemesE
  - VanillaExpanded.Ideo.IconsandSymbols
  - brrainz.achtung
  - VanillaExpanded.VARME
  - UnlimitedHugs.HugsLib
  - UnlimitedHugs.AllowTool
  - falconne.BWM
  - brrainz.cameraplus
  - CrashM.ColorCodedMoodBar.11
  - CETeam.CombatExtended
  - Dubwise.DubsBadHygiene
  - avilmask.CommonSense
  - Shashlichnik.DeepAndDeeper
  - dracoix.doormat.r12a
  - telardo.DragSelect
  - Dubwise.DubsMintMenus
  - dubwise.dubsmintminimap
  - Dubwise.Rimatomics
  - EdB.PrepareCarefully
  - Hawkwood.FloorsAreAlmostWorthless
  - m00nl1ght.GeologicalLandforms
  - Jaxe.Bubbles
  - ASF.DeepStorage
  - ratys.madskills
  - m00nl1ght.MapPreview
  - Haplo.Miscellaneous.Training
  - Mehni.PickUpAndHaul
  - Dubwise.Rimefeller
  - rimfridge.kv.rw
  - ratys.rtfuse
  - sarg.smartspeed
  - dhultgren.smarterconstruction
  - weilbyte.snapout
  - GT.Sam.TilledSoil
  - smashphil.dropspot
  - CarnySenpai.TraitRarityColors
  - VanillaExpanded.VAPPE
Exception while init loading file: C:/Users/owner/AppData/LocalLow/Ludeon Studios/RimWorld by Ludeon Studios\Saves\Colia (Permadeath).rws
System.Xml.XmlException: Unexpected end of file has occurred. The following elements are not closed: title, li, permits, royalty, li, pawnsMothballed, worldPawns, world, game, savegame. Line 372532, position 24.
[Ref FE232A76] Duplicate stacktrace, see ref for original
Exception from asynchronous event: System.Xml.XmlException: Unexpected end of file has occurred. The following elements are not closed: title, li, permits, royalty, li, pawnsMothballed, worldPawns, world, game, savegame. Line 372532, position 24.
[Ref B05750F3] Duplicate stacktrace, see ref for original
Unloading 2 Unused Serialized files (Serialized files now loaded: 9)
[PhysX] Initialized MultithreadedTaskDispatcher with 32 workers.
UnloadTime: 0.361700 ms
Unloading 2 unused Assets to reduce memory usage. Loaded Objects now: 63174.
Total: 268.394300 ms (FindLiveObjects: 2.133100 ms CreateObjectMapping: 1.330200 ms MarkObjects: 264.812800 ms  DeleteObjects: 0.117800 ms)

Memory Statistics:
[ALLOC_TEMP_TLS] TLS Allocator
  StackAllocators : 
    [ALLOC_TEMP_MAIN]
      Peak usage frame count: [0-1.0 KB]: 13743 frames, [1.0 KB-2.0 KB]: 13 frames, [2.0 KB-4.0 KB]: 25 frames, [4.0 KB-8.0 KB]: 8513 frames, [8.0 KB-16.0 KB]: 45 frames, [16.0 KB-32.0 KB]: 8 frames, [32.0 KB-64.0 KB]: 5 frames, [1.0 MB-2.0 MB]: 1 frames, [2.0 MB-4.0 MB]: 1 frames, [4.0 MB-8.0 MB]: 9 frames
      Initial Block Size 4.0 MB
      Current Block Size 8.0 MB
      Peak Allocated Bytes 8.0 MB
      Overflow Count 246
    [ALLOC_TEMP_Job.Worker 18]
      Initial Block Size 256.0 KB
      Current Block Size 256.0 KB
      Peak Allocated Bytes 128 B
      Overflow Count 0
    [ALLOC_TEMP_Loading.PreloadManager]
      Initial Block Size 256.0 KB
      Current Block Size 256.0 KB
      Peak Allocated Bytes 3.8 KB
      Overflow Count 28
    [ALLOC_TEMP_Background Job.Worker 8]
      Initial Block Size 32.0 KB
      Current Block Size 32.0 KB
      Peak Allocated Bytes 54 B
      Overflow Count 0
    [ALLOC_TEMP_Background Job.Worker 10]
      Initial Block Size 32.0 KB
      Current Block Size 32.0 KB
      Peak Allocated Bytes 54 B
      Overflow Count 0
    [ALLOC_TEMP_Job.Worker 16]
      Initial Block Size 256.0 KB
      Current Block Size 256.0 KB
      Peak Allocated Bytes 160 B
      Overflow Count 0
    [ALLOC_TEMP_Background Job.Worker 6]
      Initial Block Size 32.0 KB
      Current Block Size 32.0 KB
      Peak Allocated Bytes 54 B
      Overflow Count 0
    [ALLOC_TEMP_Job.Worker 4]
      Initial Block Size 256.0 KB
      Current Block Size 256.0 KB
      Peak Allocated Bytes 202 B
      Overflow Count 0
    [ALLOC_TEMP_Job.Worker 27]
      Initial Block Size 256.0 KB
      Current Block Size 256.0 KB
      Peak Allocated Bytes 144 B
      Overflow Count 0
    [ALLOC_TEMP_Job.Worker 14]
      Initial Block Size 256.0 KB
      Current Block Size 256.0 KB
      Peak Allocated Bytes 160 B
      Overflow Count 0
    [ALLOC_TEMP_Job.Worker 17]
      Initial Block Size 256.0 KB
      Current Block Size 256.0 KB
      Peak Allocated Bytes 144 B
      Overflow Count 0
    [ALLOC_TEMP_Job.Worker 3]
      Initial Block Size 256.0 KB
      Current Block Size 256.0 KB
      Peak Allocated Bytes 288 B
      Overflow Count 0
    [ALLOC_TEMP_Background Job.Worker 12]
      Initial Block Size 32.0 KB
      Current Block Size 32.0 KB
      Peak Allocated Bytes 54 B
      Overflow Count 0
    [ALLOC_TEMP_Background Job.Worker 1]
      Initial Block Size 32.0 KB
      Current Block Size 32.0 KB
      Peak Allocated Bytes 54 B
      Overflow Count 0
    [ALLOC_TEMP_AssetGarbageCollectorHelper] x 31
      Initial Block Size 64.0 KB
      Current Block Size 64.0 KB
      Peak Allocated Bytes 138 B
      Overflow Count 0
    [ALLOC_TEMP_Background Job.Worker 5]
      Initial Block Size 32.0 KB
      Current Block Size 32.0 KB
      Peak Allocated Bytes 54 B
      Overflow Count 0
    [ALLOC_TEMP_Background Job.Worker 13]
      Initial Block Size 32.0 KB
      Current Block Size 32.0 KB
      Peak Allocated Bytes 54 B
      Overflow Count 0
    [ALLOC_TEMP_Background Job.Worker 11]
      Initial Block Size 32.0 KB
      Current Block Size 32.0 KB
      Peak Allocated Bytes 54 B
      Overflow Count 0
    [ALLOC_TEMP_Job.Worker 2]
      Initial Block Size 256.0 KB
      Current Block Size 256.0 KB
      Peak Allocated Bytes 480 B
      Overflow Count 0
    [ALLOC_TEMP_Background Job.Worker 3]
      Initial Block Size 32.0 KB
      Current Block Size 32.0 KB
      Peak Allocated Bytes 54 B
      Overflow Count 0
    [ALLOC_TEMP_Background Job.Worker 0]
      Initial Block Size 32.0 KB
      Current Block Size 32.0 KB
      Peak Allocated Bytes 54 B
      Overflow Count 0
    [ALLOC_TEMP_Job.Worker 20]
      Initial Block Size 256.0 KB
      Current Block Size 256.0 KB
      Peak Allocated Bytes 128 B
      Overflow Count 0
    [ALLOC_TEMP_Job.Worker 11]
      Initial Block Size 256.0 KB
      Current Block Size 256.0 KB
      Peak Allocated Bytes 160 B
      Overflow Count 0
    [ALLOC_TEMP_Background Job.Worker 4]
      Initial Block Size 32.0 KB
      Current Block Size 32.0 KB
      Peak Allocated Bytes 54 B
      Overflow Count 0
    [ALLOC_TEMP_BatchDeleteObjects]
      Initial Block Size 64.0 KB
      Current Block Size 64.0 KB
      Peak Allocated Bytes 54 B
      Overflow Count 0
    [ALLOC_TEMP_Job.Worker 30]
      Initial Block Size 256.0 KB
      Current Block Size 256.0 KB
      Peak Allocated Bytes 176 B
      Overflow Count 0
    [ALLOC_TEMP_Job.Worker 6]
      Initial Block Size 256.0 KB
      Current Block Size 256.0 KB
      Peak Allocated Bytes 160 B
      Overflow Count 0
    [ALLOC_TEMP_Job.Worker 0]
      Initial Block Size 256.0 KB
      Current Block Size 256.0 KB
      Peak Allocated Bytes 144 B
      Overflow Count 0
    [ALLOC_TEMP_Job.Worker 21]
      Initial Block Size 256.0 KB
      Current Block Size 256.0 KB
      Peak Allocated Bytes 160 B
      Overflow Count 0
    [ALLOC_TEMP_Job.Worker 26]
      Initial Block Size 256.0 KB
      Current Block Size 256.0 KB
      Peak Allocated Bytes 144 B
      Overflow Count 0
    [ALLOC_TEMP_Job.Worker 5]
      Initial Block Size 256.0 KB
      Current Block Size 256.0 KB
      Peak Allocated Bytes 176 B
      Overflow Count 0
    [ALLOC_TEMP_Background Job.Worker 9]
      Initial Block Size 32.0 KB
      Current Block Size 32.0 KB
      Peak Allocated Bytes 54 B
      Overflow Count 0
    [ALLOC_TEMP_Job.Worker 25]
      Initial Block Size 256.0 KB
      Current Block Size 256.0 KB
      Peak Allocated Bytes 144 B
      Overflow Count 0
    [ALLOC_TEMP_Background Job.Worker 14]
      Initial Block Size 32.0 KB
      Current Block Size 32.0 KB
      Peak Allocated Bytes 54 B
      Overflow Count 0
    [ALLOC_TEMP_ReadCacheIndex]
      Initial Block Size 64.0 KB
      Current Block Size 64.0 KB
      Peak Allocated Bytes 0.6 KB
      Overflow Count 0
    [ALLOC_TEMP_Job.Worker 29]
      Initial Block Size 256.0 KB
      Current Block Size 256.0 KB
      Peak Allocated Bytes 96 B
      Overflow Count 0
    [ALLOC_TEMP_Job.Worker 13]
      Initial Block Size 256.0 KB
      Current Block Size 256.0 KB
      Peak Allocated Bytes 160 B
      Overflow Count 0
    [ALLOC_TEMP_EnlightenWorker] x 16
      Initial Block Size 64.0 KB
      Current Block Size 64.0 KB
      Peak Allocated Bytes 54 B
      Overflow Count 0
    [ALLOC_TEMP_Background Job.Worker 15]
      Initial Block Size 32.0 KB
      Current Block Size 32.0 KB
      Peak Allocated Bytes 54 B
      Overflow Count 0
    [ALLOC_TEMP_Background Job.Worker 2]
      Initial Block Size 32.0 KB
      Current Block Size 32.0 KB
      Peak Allocated Bytes 54 B
      Overflow Count 0
    [ALLOC_TEMP_Job.Worker 28]
      Initial Block Size 256.0 KB
      Current Block Size 256.0 KB
      Peak Allocated Bytes 128 B
      Overflow Count 0
    [ALLOC_TEMP_Job.Worker 22]
      Initial Block Size 256.0 KB
      Current Block Size 256.0 KB
      Peak Allocated Bytes 144 B
      Overflow Count 0
    [ALLOC_TEMP_UnityGfxDeviceWorker]
      Initial Block Size 256.0 KB
      Current Block Size 256.0 KB
      Peak Allocated Bytes 9.3 KB
      Overflow Count 0
    [ALLOC_TEMP_Background Job.Worker 7]
      Initial Block Size 32.0 KB
      Current Block Size 32.0 KB
      Peak Allocated Bytes 54 B
      Overflow Count 0
    [ALLOC_TEMP_Job.Worker 9]
      Initial Block Size 256.0 KB
      Current Block Size 256.0 KB
      Peak Allocated Bytes 176 B
      Overflow Count 0
    [ALLOC_TEMP_Job.Worker 8]
      Initial Block Size 256.0 KB
      Current Block Size 256.0 KB
      Peak Allocated Bytes 176 B
      Overflow Count 0
    [ALLOC_TEMP_Job.Worker 7]
      Initial Block Size 256.0 KB
      Current Block Size 256.0 KB
      Peak Allocated Bytes 160 B
      Overflow Count 0
    [ALLOC_TEMP_Job.Worker 23]
      Initial Block Size 256.0 KB
      Current Block Size 256.0 KB
      Peak Allocated Bytes 144 B
      Overflow Count 0
    [ALLOC_TEMP_Job.Worker 1]
      Initial Block Size 256.0 KB
      Current Block Size 256.0 KB
      Peak Allocated Bytes 507 B
      Overflow Count 0
    [ALLOC_TEMP_Job.Worker 10]
      Initial Block Size 256.0 KB
      Current Block Size 256.0 KB
      Peak Allocated Bytes 160 B
      Overflow Count 0
    [ALLOC_TEMP_Job.Worker 15]
      Initial Block Size 256.0 KB
      Current Block Size 256.0 KB
      Peak Allocated Bytes 144 B
      Overflow Count 0
    [ALLOC_TEMP_Job.Worker 24]
      Initial Block Size 256.0 KB
      Current Block Size 256.0 KB
      Peak Allocated Bytes 144 B
      Overflow Count 0
    [ALLOC_TEMP_Job.Worker 12]
      Initial Block Size 256.0 KB
      Current Block Size 256.0 KB
      Peak Allocated Bytes 160 B
      Overflow Count 0
    [ALLOC_TEMP_Job.Worker 19]
      Initial Block Size 256.0 KB
      Current Block Size 256.0 KB
      Peak Allocated Bytes 144 B
      Overflow Count 0
    [ALLOC_TEMP_Loading.AsyncRead]
      Initial Block Size 64.0 KB
      Current Block Size 120.0 KB
      Peak Allocated Bytes 116.5 KB
      Overflow Count 0
[ALLOC_DEFAULT] Dual Thread Allocator
  Peak main deferred allocation count 44388
    [ALLOC_BUCKET]
      Large Block size 4.0 MB
      Used Block count 1
      Peak Allocated bytes 4.0 MB
      Failed Allocations. Bucket layout:
        16B: 4 Subsections = 4096 buckets. Failed count: 93720
        32B: 34 Subsections = 17408 buckets. Failed count: 109439
        48B: 49 Subsections = 16725 buckets. Failed count: 303815
        64B: 39 Subsections = 9984 buckets. Failed count: 81657
        80B: 85 Subsections = 17408 buckets. Failed count: 175135
        96B: 29 Subsections = 4949 buckets. Failed count: 47083
        112B: 10 Subsections = 1462 buckets. Failed count: 20379
        128B: 6 Subsections = 768 buckets. Failed count: 17819
    [ALLOC_DEFAULT_MAIN]
      Peak usage frame count: [16.0 MB-32.0 MB]: 4265 frames, [32.0 MB-64.0 MB]: 1 frames, [256.0 MB-0.50 GB]: 8030 frames, [0.50 GB-1.00 GB]: 10067 frames
      Requested Block Size 16.0 MB
      Peak Block count 33
      Peak Allocated memory 0.53 GB
      Peak Large allocation bytes 95.2 MB
    [ALLOC_DEFAULT_THREAD]
      Peak usage frame count: [8.0 MB-16.0 MB]: 6219 frames, [32.0 MB-64.0 MB]: 22 frames, [64.0 MB-128.0 MB]: 282 frames, [128.0 MB-256.0 MB]: 15840 frames
      Requested Block Size 16.0 MB
      Peak Block count 10
      Peak Allocated memory 175.6 MB
      Peak Large allocation bytes 33.8 MB
[ALLOC_TEMP_JOB_1_FRAME]
  Initial Block Size 2.0 MB
  Used Block Count 0
  Overflow Count (too large) 0
  Overflow Count (full) 0
[ALLOC_TEMP_JOB_2_FRAMES]
  Initial Block Size 2.0 MB
  Used Block Count 0
  Overflow Count (too large) 0
  Overflow Count (full) 0
[ALLOC_TEMP_JOB_4_FRAMES (JobTemp)]
  Initial Block Size 2.0 MB
  Used Block Count 1
  Overflow Count (too large) 32
  Overflow Count (full) 0
[ALLOC_TEMP_JOB_ASYNC (Background)]
  Initial Block Size 1.0 MB
  Used Block Count 1
  Overflow Count (too large) 0
  Overflow Count (full) 0
[ALLOC_GFX] Dual Thread Allocator
  Peak main deferred allocation count 4090
    [ALLOC_BUCKET]
      Large Block size 4.0 MB
      Used Block count 1
      Peak Allocated bytes 4.0 MB
      Failed Allocations. Bucket layout:
        16B: 4 Subsections = 4096 buckets. Failed count: 93720
        32B: 34 Subsections = 17408 buckets. Failed count: 109439
        48B: 49 Subsections = 16725 buckets. Failed count: 303815
        64B: 39 Subsections = 9984 buckets. Failed count: 81657
        80B: 85 Subsections = 17408 buckets. Failed count: 175135
        96B: 29 Subsections = 4949 buckets. Failed count: 47083
        112B: 10 Subsections = 1462 buckets. Failed count: 20379
        128B: 6 Subsections = 768 buckets. Failed count: 17819
    [ALLOC_GFX_MAIN]
      Peak usage frame count: [128.0 KB-256.0 KB]: 1 frames, [2.0 MB-4.0 MB]: 4265 frames, [16.0 MB-32.0 MB]: 497 frames, [32.0 MB-64.0 MB]: 1869 frames, [64.0 MB-128.0 MB]: 7182 frames, [128.0 MB-256.0 MB]: 8548 frames, [1.00 GB-2.00 GB]: 1 frames
      Requested Block Size 16.0 MB
      Peak Block count 22
      Peak Allocated memory 1.10 GB
      Peak Large allocation bytes 0.92 GB
    [ALLOC_GFX_THREAD]
      Peak usage frame count: [0-1.0 KB]: 4266 frames, [1.0 KB-2.0 KB]: 10 frames, [256.0 KB-0.5 MB]: 18087 frames
      Requested Block Size 16.0 MB
      Peak Block count 1
      Peak Allocated memory 411.2 KB
      Peak Large allocation bytes 0 B
[ALLOC_CACHEOBJECTS] Dual Thread Allocator
  Peak main deferred allocation count 554
    [ALLOC_BUCKET]
      Large Block size 4.0 MB
      Used Block count 1
      Peak Allocated bytes 4.0 MB
      Failed Allocations. Bucket layout:
        16B: 4 Subsections = 4096 buckets. Failed count: 93720
        32B: 34 Subsections = 17408 buckets. Failed count: 109439
        48B: 49 Subsections = 16725 buckets. Failed count: 303815
        64B: 39 Subsections = 9984 buckets. Failed count: 81657
        80B: 85 Subsections = 17408 buckets. Failed count: 175135
        96B: 29 Subsections = 4949 buckets. Failed count: 47083
        112B: 10 Subsections = 1462 buckets. Failed count: 20379
        128B: 6 Subsections = 768 buckets. Failed count: 17819
    [ALLOC_CACHEOBJECTS_MAIN]
      Peak usage frame count: [4.0 MB-8.0 MB]: 1 frames, [8.0 MB-16.0 MB]: 4265 frames, [16.0 MB-32.0 MB]: 18097 frames
      Requested Block Size 4.0 MB
      Peak Block count 6
      Peak Allocated memory 19.0 MB
      Peak Large allocation bytes 0 B
    [ALLOC_CACHEOBJECTS_THREAD]
      Peak usage frame count: [4.0 KB-8.0 KB]: 4265 frames, [32.0 KB-64.0 KB]: 1 frames, [128.0 KB-256.0 KB]: 1878 frames, [256.0 KB-0.5 MB]: 16212 frames, [0.5 MB-1.0 MB]: 7 frames
      Requested Block Size 4.0 MB
      Peak Block count 1
      Peak Allocated memory 0.6 MB
      Peak Large allocation bytes 0 B
[ALLOC_TYPETREE] Dual Thread Allocator
  Peak main deferred allocation count 0
    [ALLOC_BUCKET]
      Large Block size 4.0 MB
      Used Block count 1
      Peak Allocated bytes 4.0 MB
      Failed Allocations. Bucket layout:
        16B: 4 Subsections = 4096 buckets. Failed count: 93720
        32B: 34 Subsections = 17408 buckets. Failed count: 109439
        48B: 49 Subsections = 16725 buckets. Failed count: 303815
        64B: 39 Subsections = 9984 buckets. Failed count: 81657
        80B: 85 Subsections = 17408 buckets. Failed count: 175135
        96B: 29 Subsections = 4949 buckets. Failed count: 47083
        112B: 10 Subsections = 1462 buckets. Failed count: 20379
        128B: 6 Subsections = 768 buckets. Failed count: 17819
    [ALLOC_TYPETREE_MAIN]
      Peak usage frame count: [4.0 KB-8.0 KB]: 1 frames, [8.0 KB-16.0 KB]: 4265 frames, [256.0 KB-0.5 MB]: 18097 frames
      Requested Block Size 2.0 MB
      Peak Block count 1
      Peak Allocated memory 476.1 KB
      Peak Large allocation bytes 0 B
    [ALLOC_TYPETREE_THREAD]
      Peak usage frame count: [0-1.0 KB]: 22363 frames
      Requested Block Size 2.0 MB
      Peak Block count 0
      Peak Allocated memory 0 B
      Peak Large allocation bytes 0 B
